# JRE version: OpenJDK Runtime Environment Temurin-17.0.7+7 (17.0.7+7) (build 17.0.7+7)
# Java VM: OpenJDK 64-Bit Server VM Temurin-17.0.7+7 (17.0.7+7, mixed mode, tiered, compressed oops, compressed class ptrs, g1 gc, windows-amd64)
GC Precious Log:
 CPUs: 20 total, 20 available
 Memory: 16068M
 Large Page Support: Disabled
 NUMA Support: Disabled
 Compressed Oops: Enabled (Zero based)
 Heap Region Size: 2M
 Heap Min Capacity: 8M
 Heap Initial Capacity: 252M
 Heap Max Capacity: 4018M
 Pre-touch: Disabled
 Parallel Workers: 15
 Concurrent Workers: 4
 Concurrent Refinement Workers: 15
 Periodic GC: Disabled
Heap:
 garbage-first heap   total 40960K, used 24825K [0x0000000704e00000, 0x0000000800000000)
  region size 2048K, 9 young (18432K), 1 survivors (2048K)
 Metaspace       used 29318K, committed 29568K, reserved 1114112K
  class space    used 2871K, committed 3008K, reserved 1048576K
GC Heap History (20 events):
Event: 1.082 GC heap before
{Heap before GC invocations=2 (full 0):
 garbage-first heap   total 258048K, used 38014K [0x0000000704e00000, 0x0000000800000000)
  region size 2048K, 18 young (36864K), 2 survivors (4096K)
 Metaspace       used 21342K, committed 21504K, reserved 1114112K
  class space    used 2044K, committed 2112K, reserved 1048576K
}
Event: 1.084 GC heap after
{Heap after GC invocations=3 (full 0):
 garbage-first heap   total 258048K, used 8343K [0x0000000704e00000, 0x0000000800000000)
  region size 2048K, 2 young (4096K), 2 survivors (4096K)
 Metaspace       used 21342K, committed 21504K, reserved 1114112K
  class space    used 2044K, committed 2112K, reserved 1048576K
}
Event: 81.320 GC heap before
{Heap before GC invocations=4 (full 0):
 garbage-first heap   total 40960K, used 26775K [0x0000000704e00000, 0x0000000800000000)
  region size 2048K, 12 young (24576K), 2 survivors (4096K)
 Metaspace       used 24289K, committed 24576K, reserved 1114112K
  class space    used 2367K, committed 2496K, reserved 1048576K
}
Event: 81.323 GC heap after
{Heap after GC invocations=5 (full 0):
 garbage-first heap   total 40960K, used 9857K [0x0000000704e00000, 0x0000000800000000)
  region size 2048K, 2 young (4096K), 2 survivors (4096K)
 Metaspace       used 24289K, committed 24576K, reserved 1114112K
  class space    used 2367K, committed 2496K, reserved 1048576K
}
Event: 82.862 GC heap before
{Heap before GC invocations=5 (full 0):
 garbage-first heap   total 40960K, used 11905K [0x0000000704e00000, 0x0000000800000000)
  region size 2048K, 3 young (6144K), 2 survivors (4096K)
 Metaspace       used 24722K, committed 24960K, reserved 1114112K
  class space    used 2396K, committed 2496K, reserved 1048576K
}
Event: 82.865 GC heap after
{Heap after GC invocations=6 (full 0):
 garbage-first heap   total 40960K, used 10244K [0x0000000704e00000, 0x0000000800000000)
  region size 2048K, 1 young (2048K), 1 survivors (2048K)
 Metaspace       used 24722K, committed 24960K, reserved 1114112K
  class space    used 2396K, committed 2496K, reserved 1048576K
}
Event: 121.624 GC heap before
{Heap before GC invocations=6 (full 0):
 garbage-first heap   total 40960K, used 24580K [0x0000000704e00000, 0x0000000800000000)
  region size 2048K, 9 young (18432K), 1 survivors (2048K)
 Metaspace       used 29116K, committed 29376K, reserved 1114112K
  class space    used 2871K, committed 3008K, reserved 1048576K
}
Event: 121.625 GC heap after
{Heap after GC invocations=7 (full 0):
 garbage-first heap   total 40960K, used 10536K [0x0000000704e00000, 0x0000000800000000)
  region size 2048K, 1 young (2048K), 1 survivors (2048K)
 Metaspace       used 29116K, committed 29376K, reserved 1114112K
  class space    used 2871K, committed 3008K, reserved 1048576K
}
Event: 222.471 GC heap before
{Heap before GC invocations=7 (full 0):
 garbage-first heap   total 40960K, used 24872K [0x0000000704e00000, 0x0000000800000000)
  region size 2048K, 9 young (18432K), 1 survivors (2048K)
 Metaspace       used 29169K, committed 29440K, reserved 1114112K
  class space    used 2871K, committed 3008K, reserved 1048576K
}
Event: 222.472 GC heap after
{Heap after GC invocations=8 (full 0):
 garbage-first heap   total 40960K, used 10484K [0x0000000704e00000, 0x0000000800000000)
  region size 2048K, 1 young (2048K), 1 survivors (2048K)
 Metaspace       used 29169K, committed 29440K, reserved 1114112K
  class space    used 2871K, committed 3008K, reserved 1048576K
}
Event: 363.632 GC heap before
{Heap before GC invocations=8 (full 0):
 garbage-first heap   total 40960K, used 28916K [0x0000000704e00000, 0x0000000800000000)
  region size 2048K, 10 young (20480K), 1 survivors (2048K)
 Metaspace       used 29204K, committed 29440K, reserved 1114112K
  class space    used 2871K, committed 3008K, reserved 1048576K
}
Event: 363.633 GC heap after
{Heap after GC invocations=9 (full 0):
 garbage-first heap   total 40960K, used 10487K [0x0000000704e00000, 0x0000000800000000)
  region size 2048K, 1 young (2048K), 1 survivors (2048K)
 Metaspace       used 29204K, committed 29440K, reserved 1114112K
  class space    used 2871K, committed 3008K, reserved 1048576K
}
Event: 504.815 GC heap before
{Heap before GC invocations=9 (full 0):
 garbage-first heap   total 40960K, used 28919K [0x0000000704e00000, 0x0000000800000000)
  region size 2048K, 10 young (20480K), 1 survivors (2048K)
 Metaspace       used 29239K, committed 29504K, reserved 1114112K
  class space    used 2871K, committed 3008K, reserved 1048576K
}
Event: 504.816 GC heap after
{Heap after GC invocations=10 (full 0):
 garbage-first heap   total 40960K, used 10509K [0x0000000704e00000, 0x0000000800000000)
  region size 2048K, 1 young (2048K), 1 survivors (2048K)
 Metaspace       used 29239K, committed 29504K, reserved 1114112K
  class space    used 2871K, committed 3008K, reserved 1048576K
}
Event: 666.112 GC heap before
{Heap before GC invocations=10 (full 0):
 garbage-first heap   total 40960K, used 30989K [0x0000000704e00000, 0x0000000800000000)
  region size 2048K, 11 young (22528K), 1 survivors (2048K)
 Metaspace       used 29272K, committed 29504K, reserved 1114112K
  class space    used 2871K, committed 3008K, reserved 1048576K
}
Event: 666.113 GC heap after
{Heap after GC invocations=11 (full 0):
 garbage-first heap   total 40960K, used 10487K [0x0000000704e00000, 0x0000000800000000)
  region size 2048K, 1 young (2048K), 1 survivors (2048K)
 Metaspace       used 29272K, committed 29504K, reserved 1114112K
  class space    used 2871K, committed 3008K, reserved 1048576K
}
Event: 827.398 GC heap before
{Heap before GC invocations=11 (full 0):
 garbage-first heap   total 40960K, used 30967K [0x0000000704e00000, 0x0000000800000000)
  region size 2048K, 11 young (22528K), 1 survivors (2048K)
 Metaspace       used 29286K, committed 29504K, reserved 1114112K
  class space    used 2871K, committed 3008K, reserved 1048576K
}
Event: 827.399 GC heap after
{Heap after GC invocations=12 (full 0):
 garbage-first heap   total 40960K, used 10465K [0x0000000704e00000, 0x0000000800000000)
  region size 2048K, 1 young (2048K), 1 survivors (2048K)
 Metaspace       used 29286K, committed 29504K, reserved 1114112K
  class space    used 2871K, committed 3008K, reserved 1048576K
}
Event: 988.674 GC heap before
{Heap before GC invocations=12 (full 0):
 garbage-first heap   total 40960K, used 30945K [0x0000000704e00000, 0x0000000800000000)
  region size 2048K, 11 young (22528K), 1 survivors (2048K)
 Metaspace       used 29300K, committed 29504K, reserved 1114112K
  class space    used 2871K, committed 3008K, reserved 1048576K
}
Event: 988.675 GC heap after
{Heap after GC invocations=13 (full 0):
 garbage-first heap   total 40960K, used 10489K [0x0000000704e00000, 0x0000000800000000)
  region size 2048K, 1 young (2048K), 1 survivors (2048K)
 Metaspace       used 29300K, committed 29504K, reserved 1114112K
  class space    used 2871K, committed 3008K, reserved 1048576K
}

