# JRE version: OpenJDK Runtime Environment Temurin-17.0.7+7 (17.0.7+7) (build 17.0.7+7)
# Java VM: OpenJDK 64-Bit Server VM Temurin-17.0.7+7 (17.0.7+7, mixed mode, tiered, compressed oops, compressed class ptrs, g1 gc, windows-amd64)
GC Precious Log:
 CPUs: 20 total, 20 available
 Memory: 16068M
 Large Page Support: Disabled
 NUMA Support: Disabled
 Compressed Oops: Enabled (Zero based)
 Heap Region Size: 2M
 Heap Min Capacity: 8M
 Heap Initial Capacity: 252M
 Heap Max Capacity: 4018M
 Pre-touch: Disabled
 Parallel Workers: 15
 Concurrent Workers: 4
 Concurrent Refinement Workers: 15
 Periodic GC: Disabled
Heap:
 garbage-first heap   total 49152K, used 30981K [0x0000000704e00000, 0x0000000800000000)
  region size 2048K, 12 young (24576K), 1 survivors (2048K)
 Metaspace       used 29520K, committed 29824K, reserved 1114112K
  class space    used 2889K, committed 3008K, reserved 1048576K
GC Heap History (20 events):
Event: 121.970 GC heap before
{Heap before GC invocations=6 (full 0):
 garbage-first heap   total 49152K, used 28830K [0x0000000704e00000, 0x0000000800000000)
  region size 2048K, 11 young (22528K), 1 survivors (2048K)
 Metaspace       used 29196K, committed 29504K, reserved 1114112K
  class space    used 2889K, committed 3008K, reserved 1048576K
}
Event: 121.971 GC heap after
{Heap after GC invocations=7 (full 0):
 garbage-first heap   total 49152K, used 10548K [0x0000000704e00000, 0x0000000800000000)
  region size 2048K, 1 young (2048K), 1 survivors (2048K)
 Metaspace       used 29196K, committed 29504K, reserved 1114112K
  class space    used 2889K, committed 3008K, reserved 1048576K
}
Event: 293.457 GC heap before
{Heap before GC invocations=7 (full 0):
 garbage-first heap   total 49152K, used 33076K [0x0000000704e00000, 0x0000000800000000)
  region size 2048K, 12 young (24576K), 1 survivors (2048K)
 Metaspace       used 29281K, committed 29568K, reserved 1114112K
  class space    used 2889K, committed 3008K, reserved 1048576K
}
Event: 293.458 GC heap after
{Heap after GC invocations=8 (full 0):
 garbage-first heap   total 49152K, used 10472K [0x0000000704e00000, 0x0000000800000000)
  region size 2048K, 1 young (2048K), 1 survivors (2048K)
 Metaspace       used 29281K, committed 29568K, reserved 1114112K
  class space    used 2889K, committed 3008K, reserved 1048576K
}
Event: 485.008 GC heap before
{Heap before GC invocations=8 (full 0):
 garbage-first heap   total 49152K, used 35048K [0x0000000704e00000, 0x0000000800000000)
  region size 2048K, 13 young (26624K), 1 survivors (2048K)
 Metaspace       used 29352K, committed 29632K, reserved 1114112K
  class space    used 2889K, committed 3008K, reserved 1048576K
}
Event: 485.010 GC heap after
{Heap after GC invocations=9 (full 0):
 garbage-first heap   total 49152K, used 10491K [0x0000000704e00000, 0x0000000800000000)
  region size 2048K, 1 young (2048K), 1 survivors (2048K)
 Metaspace       used 29352K, committed 29632K, reserved 1114112K
  class space    used 2889K, committed 3008K, reserved 1048576K
}
Event: 677.438 GC heap before
{Heap before GC invocations=9 (full 0):
 garbage-first heap   total 49152K, used 35066K [0x0000000704e00000, 0x0000000800000000)
  region size 2048K, 13 young (26624K), 1 survivors (2048K)
 Metaspace       used 29386K, committed 29632K, reserved 1114112K
  class space    used 2889K, committed 3008K, reserved 1048576K
}
Event: 677.439 GC heap after
{Heap after GC invocations=10 (full 0):
 garbage-first heap   total 49152K, used 10496K [0x0000000704e00000, 0x0000000800000000)
  region size 2048K, 1 young (2048K), 1 survivors (2048K)
 Metaspace       used 29386K, committed 29632K, reserved 1114112K
  class space    used 2889K, committed 3008K, reserved 1048576K
}
Event: 889.129 GC heap before
{Heap before GC invocations=10 (full 0):
 garbage-first heap   total 49152K, used 37120K [0x0000000704e00000, 0x0000000800000000)
  region size 2048K, 14 young (28672K), 1 survivors (2048K)
 Metaspace       used 29407K, committed 29632K, reserved 1114112K
  class space    used 2889K, committed 3008K, reserved 1048576K
}
Event: 889.129 GC heap after
{Heap after GC invocations=11 (full 0):
 garbage-first heap   total 49152K, used 10505K [0x0000000704e00000, 0x0000000800000000)
  region size 2048K, 1 young (2048K), 1 survivors (2048K)
 Metaspace       used 29407K, committed 29632K, reserved 1114112K
  class space    used 2889K, committed 3008K, reserved 1048576K
}
Event: 1090.793 GC heap before
{Heap before GC invocations=11 (full 0):
 garbage-first heap   total 49152K, used 37129K [0x0000000704e00000, 0x0000000800000000)
  region size 2048K, 14 young (28672K), 1 survivors (2048K)
 Metaspace       used 29432K, committed 29696K, reserved 1114112K
  class space    used 2889K, committed 3008K, reserved 1048576K
}
Event: 1090.794 GC heap after
{Heap after GC invocations=12 (full 0):
 garbage-first heap   total 49152K, used 10506K [0x0000000704e00000, 0x0000000800000000)
  region size 2048K, 1 young (2048K), 1 survivors (2048K)
 Metaspace       used 29432K, committed 29696K, reserved 1114112K
  class space    used 2889K, committed 3008K, reserved 1048576K
}
Event: 1292.476 GC heap before
{Heap before GC invocations=12 (full 0):
 garbage-first heap   total 49152K, used 37130K [0x0000000704e00000, 0x0000000800000000)
  region size 2048K, 14 young (28672K), 1 survivors (2048K)
 Metaspace       used 29491K, committed 29760K, reserved 1114112K
  class space    used 2889K, committed 3008K, reserved 1048576K
}
Event: 1292.477 GC heap after
{Heap after GC invocations=13 (full 0):
 garbage-first heap   total 49152K, used 10502K [0x0000000704e00000, 0x0000000800000000)
  region size 2048K, 1 young (2048K), 1 survivors (2048K)
 Metaspace       used 29491K, committed 29760K, reserved 1114112K
  class space    used 2889K, committed 3008K, reserved 1048576K
}
Event: 1494.152 GC heap before
{Heap before GC invocations=13 (full 0):
 garbage-first heap   total 49152K, used 35078K [0x0000000704e00000, 0x0000000800000000)
  region size 2048K, 14 young (28672K), 1 survivors (2048K)
 Metaspace       used 29497K, committed 29760K, reserved 1114112K
  class space    used 2889K, committed 3008K, reserved 1048576K
}
Event: 1494.153 GC heap after
{Heap after GC invocations=14 (full 0):
 garbage-first heap   total 49152K, used 10494K [0x0000000704e00000, 0x0000000800000000)
  region size 2048K, 1 young (2048K), 1 survivors (2048K)
 Metaspace       used 29497K, committed 29760K, reserved 1114112K
  class space    used 2889K, committed 3008K, reserved 1048576K
}
Event: 1695.841 GC heap before
{Heap before GC invocations=14 (full 0):
 garbage-first heap   total 49152K, used 37118K [0x0000000704e00000, 0x0000000800000000)
  region size 2048K, 14 young (28672K), 1 survivors (2048K)
 Metaspace       used 29504K, committed 29760K, reserved 1114112K
  class space    used 2889K, committed 3008K, reserved 1048576K
}
Event: 1695.842 GC heap after
{Heap after GC invocations=15 (full 0):
 garbage-first heap   total 49152K, used 10490K [0x0000000704e00000, 0x0000000800000000)
  region size 2048K, 1 young (2048K), 1 survivors (2048K)
 Metaspace       used 29504K, committed 29760K, reserved 1114112K
  class space    used 2889K, committed 3008K, reserved 1048576K
}
Event: 1897.523 GC heap before
{Heap before GC invocations=15 (full 0):
 garbage-first heap   total 49152K, used 37114K [0x0000000704e00000, 0x0000000800000000)
  region size 2048K, 14 young (28672K), 1 survivors (2048K)
 Metaspace       used 29509K, committed 29760K, reserved 1114112K
  class space    used 2889K, committed 3008K, reserved 1048576K
}
Event: 1897.524 GC heap after
{Heap after GC invocations=16 (full 0):
 garbage-first heap   total 49152K, used 10501K [0x0000000704e00000, 0x0000000800000000)
  region size 2048K, 1 young (2048K), 1 survivors (2048K)
 Metaspace       used 29509K, committed 29760K, reserved 1114112K
  class space    used 2889K, committed 3008K, reserved 1048576K
}

